[ERROR][2018-10-07 22:36:09][com.chenbbz.busi.impl.DealBusiImpl.lambda$deal$1(DealBusiImpl.java:48)] 处理数据发生异常=====》，{}
org.apache.ibatis.exceptions.PersistenceException: 
### Error updating database.  Cause: java.sql.SQLException: Field 'id' doesn't have a default value
### The error may involve com.chenbbz.our.mapper.StudentMapper.insertSelective-Inline
### The error occurred while setting parameters
### SQL: insert into student      ( name,                       sex,                       birth,                       department,                       add_time )       values ( ?,                       ?,                       ?,                       ?,                       ? )
### Cause: java.sql.SQLException: Field 'id' doesn't have a default value
	at org.apache.ibatis.exceptions.ExceptionFactory.wrapException(ExceptionFactory.java:30)
	at org.apache.ibatis.session.defaults.DefaultSqlSession.update(DefaultSqlSession.java:200)
	at org.apache.ibatis.session.defaults.DefaultSqlSession.insert(DefaultSqlSession.java:185)
	at com.chenbbz.busi.impl.DealBusiImpl.lambda$deal$1(DealBusiImpl.java:44)
	at java.util.ArrayList.forEach(ArrayList.java:1257)
	at com.chenbbz.busi.impl.DealBusiImpl.deal(DealBusiImpl.java:40)
	at com.chenbbz.thread.Consumer.run(Consumer.java:27)
	at java.util.concurrent.ThreadPoolExecutor.runWorker(ThreadPoolExecutor.java:1149)
	at java.util.concurrent.ThreadPoolExecutor$Worker.run(ThreadPoolExecutor.java:624)
	at java.lang.Thread.run(Thread.java:748)
Caused by: java.sql.SQLException: Field 'id' doesn't have a default value
	at com.mysql.cj.jdbc.exceptions.SQLError.createSQLException(SQLError.java:545)
	at com.mysql.cj.jdbc.exceptions.SQLError.createSQLException(SQLError.java:513)
	at com.mysql.cj.jdbc.exceptions.SQLExceptionsMapping.translateException(SQLExceptionsMapping.java:115)
	at com.mysql.cj.jdbc.ConnectionImpl.execSQL(ConnectionImpl.java:1983)
	at com.mysql.cj.jdbc.PreparedStatement.executeInternal(PreparedStatement.java:1826)
	at com.mysql.cj.jdbc.PreparedStatement.execute(PreparedStatement.java:1153)
	at com.zaxxer.hikari.pool.ProxyPreparedStatement.execute(ProxyPreparedStatement.java:44)
	at com.zaxxer.hikari.pool.HikariProxyPreparedStatement.execute(HikariProxyPreparedStatement.java)
	at org.apache.ibatis.executor.statement.PreparedStatementHandler.update(PreparedStatementHandler.java:46)
	at org.apache.ibatis.executor.statement.RoutingStatementHandler.update(RoutingStatementHandler.java:74)
	at org.apache.ibatis.executor.SimpleExecutor.doUpdate(SimpleExecutor.java:50)
	at org.apache.ibatis.executor.BaseExecutor.update(BaseExecutor.java:117)
	at org.apache.ibatis.executor.CachingExecutor.update(CachingExecutor.java:76)
	at org.apache.ibatis.session.defaults.DefaultSqlSession.update(DefaultSqlSession.java:198)
	... 8 more
[ERROR][2018-10-07 22:36:41][com.chenbbz.busi.impl.DealBusiImpl.lambda$deal$1(DealBusiImpl.java:48)] 处理数据发生异常=====》，{}
org.apache.ibatis.exceptions.PersistenceException: 
### Error updating database.  Cause: java.sql.SQLException: Field 'id' doesn't have a default value
### The error may involve com.chenbbz.our.mapper.StudentMapper.insertSelective-Inline
### The error occurred while setting parameters
### SQL: insert into student      ( name,                       sex,                       birth,                       department,                       add_time )       values ( ?,                       ?,                       ?,                       ?,                       ? )
### Cause: java.sql.SQLException: Field 'id' doesn't have a default value
	at org.apache.ibatis.exceptions.ExceptionFactory.wrapException(ExceptionFactory.java:30)
	at org.apache.ibatis.session.defaults.DefaultSqlSession.update(DefaultSqlSession.java:200)
	at org.apache.ibatis.session.defaults.DefaultSqlSession.insert(DefaultSqlSession.java:185)
	at com.chenbbz.busi.impl.DealBusiImpl.lambda$deal$1(DealBusiImpl.java:44)
	at java.util.ArrayList.forEach(ArrayList.java:1257)
	at com.chenbbz.busi.impl.DealBusiImpl.deal(DealBusiImpl.java:40)
	at com.chenbbz.thread.Consumer.run(Consumer.java:27)
	at java.util.concurrent.ThreadPoolExecutor.runWorker(ThreadPoolExecutor.java:1149)
	at java.util.concurrent.ThreadPoolExecutor$Worker.run(ThreadPoolExecutor.java:624)
	at java.lang.Thread.run(Thread.java:748)
Caused by: java.sql.SQLException: Field 'id' doesn't have a default value
	at com.mysql.cj.jdbc.exceptions.SQLError.createSQLException(SQLError.java:545)
	at com.mysql.cj.jdbc.exceptions.SQLError.createSQLException(SQLError.java:513)
	at com.mysql.cj.jdbc.exceptions.SQLExceptionsMapping.translateException(SQLExceptionsMapping.java:115)
	at com.mysql.cj.jdbc.ConnectionImpl.execSQL(ConnectionImpl.java:1983)
	at com.mysql.cj.jdbc.PreparedStatement.executeInternal(PreparedStatement.java:1826)
	at com.mysql.cj.jdbc.PreparedStatement.execute(PreparedStatement.java:1153)
	at com.zaxxer.hikari.pool.ProxyPreparedStatement.execute(ProxyPreparedStatement.java:44)
	at com.zaxxer.hikari.pool.HikariProxyPreparedStatement.execute(HikariProxyPreparedStatement.java)
	at org.apache.ibatis.executor.statement.PreparedStatementHandler.update(PreparedStatementHandler.java:46)
	at org.apache.ibatis.executor.statement.RoutingStatementHandler.update(RoutingStatementHandler.java:74)
	at org.apache.ibatis.executor.SimpleExecutor.doUpdate(SimpleExecutor.java:50)
	at org.apache.ibatis.executor.BaseExecutor.update(BaseExecutor.java:117)
	at org.apache.ibatis.executor.CachingExecutor.update(CachingExecutor.java:76)
	at org.apache.ibatis.session.defaults.DefaultSqlSession.update(DefaultSqlSession.java:198)
	... 8 more
[ERROR][2018-10-15 23:42:09][com.chenbbz.busi.impl.DealBusiImpl.lambda$deal$0(DealBusiImpl.java:33)] 处理数据发生异常=======》
org.apache.ibatis.exceptions.PersistenceException: 
### Error updating database.  Cause: java.lang.IllegalArgumentException: Mapped Statements collection does not contain value for com.chenbbz.our.mapper.StudentMapper.insertSelective
### Cause: java.lang.IllegalArgumentException: Mapped Statements collection does not contain value for com.chenbbz.our.mapper.StudentMapper.insertSelective
	at org.apache.ibatis.exceptions.ExceptionFactory.wrapException(ExceptionFactory.java:30)
	at org.apache.ibatis.session.defaults.DefaultSqlSession.update(DefaultSqlSession.java:200)
	at org.apache.ibatis.session.defaults.DefaultSqlSession.insert(DefaultSqlSession.java:185)
	at com.chenbbz.busi.impl.DealBusiImpl.lambda$deal$0(DealBusiImpl.java:28)
	at java.util.ArrayList.forEach(ArrayList.java:1257)
	at com.chenbbz.busi.impl.DealBusiImpl.deal(DealBusiImpl.java:24)
	at com.chenbbz.thread.Consumer.run(Consumer.java:25)
	at java.util.concurrent.ThreadPoolExecutor.runWorker(ThreadPoolExecutor.java:1149)
	at java.util.concurrent.ThreadPoolExecutor$Worker.run(ThreadPoolExecutor.java:624)
	at java.lang.Thread.run(Thread.java:748)
Caused by: java.lang.IllegalArgumentException: Mapped Statements collection does not contain value for com.chenbbz.our.mapper.StudentMapper.insertSelective
	at org.apache.ibatis.session.Configuration$StrictMap.get(Configuration.java:888)
	at org.apache.ibatis.session.Configuration.getMappedStatement(Configuration.java:721)
	at org.apache.ibatis.session.Configuration.getMappedStatement(Configuration.java:714)
	at org.apache.ibatis.session.defaults.DefaultSqlSession.update(DefaultSqlSession.java:197)
	... 8 more
[ERROR][2018-10-15 23:42:09][com.chenbbz.busi.impl.DealBusiImpl.modifyMiddle(DealBusiImpl.java:54)] 修改中间表状态失败
[ERROR][2018-10-15 23:42:09][com.chenbbz.busi.impl.DealBusiImpl.lambda$deal$0(DealBusiImpl.java:33)] 处理数据发生异常=======》
org.apache.ibatis.exceptions.PersistenceException: 
### Error updating database.  Cause: java.lang.IllegalArgumentException: Mapped Statements collection does not contain value for com.chenbbz.our.mapper.StudentMapper.insertSelective
### Cause: java.lang.IllegalArgumentException: Mapped Statements collection does not contain value for com.chenbbz.our.mapper.StudentMapper.insertSelective
	at org.apache.ibatis.exceptions.ExceptionFactory.wrapException(ExceptionFactory.java:30)
	at org.apache.ibatis.session.defaults.DefaultSqlSession.update(DefaultSqlSession.java:200)
	at org.apache.ibatis.session.defaults.DefaultSqlSession.insert(DefaultSqlSession.java:185)
	at com.chenbbz.busi.impl.DealBusiImpl.lambda$deal$0(DealBusiImpl.java:28)
	at java.util.ArrayList.forEach(ArrayList.java:1257)
	at com.chenbbz.busi.impl.DealBusiImpl.deal(DealBusiImpl.java:24)
	at com.chenbbz.thread.Consumer.run(Consumer.java:25)
	at java.util.concurrent.ThreadPoolExecutor.runWorker(ThreadPoolExecutor.java:1149)
	at java.util.concurrent.ThreadPoolExecutor$Worker.run(ThreadPoolExecutor.java:624)
	at java.lang.Thread.run(Thread.java:748)
Caused by: java.lang.IllegalArgumentException: Mapped Statements collection does not contain value for com.chenbbz.our.mapper.StudentMapper.insertSelective
	at org.apache.ibatis.session.Configuration$StrictMap.get(Configuration.java:888)
	at org.apache.ibatis.session.Configuration.getMappedStatement(Configuration.java:721)
	at org.apache.ibatis.session.Configuration.getMappedStatement(Configuration.java:714)
	at org.apache.ibatis.session.defaults.DefaultSqlSession.update(DefaultSqlSession.java:197)
	... 8 more
[ERROR][2018-10-15 23:42:09][com.chenbbz.busi.impl.DealBusiImpl.modifyMiddle(DealBusiImpl.java:54)] 修改中间表状态失败
[ERROR][2018-10-15 23:42:09][com.chenbbz.busi.impl.DealBusiImpl.lambda$deal$0(DealBusiImpl.java:33)] 处理数据发生异常=======》
org.apache.ibatis.exceptions.PersistenceException: 
### Error updating database.  Cause: java.lang.IllegalArgumentException: Mapped Statements collection does not contain value for com.chenbbz.our.mapper.StudentMapper.insertSelective
### Cause: java.lang.IllegalArgumentException: Mapped Statements collection does not contain value for com.chenbbz.our.mapper.StudentMapper.insertSelective
	at org.apache.ibatis.exceptions.ExceptionFactory.wrapException(ExceptionFactory.java:30)
	at org.apache.ibatis.session.defaults.DefaultSqlSession.update(DefaultSqlSession.java:200)
	at org.apache.ibatis.session.defaults.DefaultSqlSession.insert(DefaultSqlSession.java:185)
	at com.chenbbz.busi.impl.DealBusiImpl.lambda$deal$0(DealBusiImpl.java:28)
	at java.util.ArrayList.forEach(ArrayList.java:1257)
	at com.chenbbz.busi.impl.DealBusiImpl.deal(DealBusiImpl.java:24)
	at com.chenbbz.thread.Consumer.run(Consumer.java:25)
	at java.util.concurrent.ThreadPoolExecutor.runWorker(ThreadPoolExecutor.java:1149)
	at java.util.concurrent.ThreadPoolExecutor$Worker.run(ThreadPoolExecutor.java:624)
	at java.lang.Thread.run(Thread.java:748)
Caused by: java.lang.IllegalArgumentException: Mapped Statements collection does not contain value for com.chenbbz.our.mapper.StudentMapper.insertSelective
	at org.apache.ibatis.session.Configuration$StrictMap.get(Configuration.java:888)
	at org.apache.ibatis.session.Configuration.getMappedStatement(Configuration.java:721)
	at org.apache.ibatis.session.Configuration.getMappedStatement(Configuration.java:714)
	at org.apache.ibatis.session.defaults.DefaultSqlSession.update(DefaultSqlSession.java:197)
	... 8 more
[ERROR][2018-10-15 23:42:09][com.chenbbz.busi.impl.DealBusiImpl.modifyMiddle(DealBusiImpl.java:54)] 修改中间表状态失败
[ERROR][2018-10-15 23:44:16][com.chenbbz.busi.impl.DealBusiImpl.modifyMiddle(DealBusiImpl.java:54)] 修改中间表状态失败
[ERROR][2018-10-15 23:44:16][com.chenbbz.busi.impl.DealBusiImpl.modifyMiddle(DealBusiImpl.java:54)] 修改中间表状态失败
[ERROR][2018-10-15 23:44:16][com.chenbbz.busi.impl.DealBusiImpl.modifyMiddle(DealBusiImpl.java:54)] 修改中间表状态失败
[ERROR][2018-10-15 23:44:57][com.chenbbz.busi.impl.DealBusiImpl.modifyMiddle(DealBusiImpl.java:54)] 修改中间表状态失败========>
org.apache.ibatis.exceptions.PersistenceException: 
### Error updating database.  Cause: org.apache.ibatis.reflection.ReflectionException: There is no getter for property named 'dataStaus' in 'class com.chenbbz.middle.model.Student'
### The error may involve defaultParameterMap
### The error occurred while setting parameters
### SQL: update  student     set data_status = ?, deal_time = ?     where id =?
### Cause: org.apache.ibatis.reflection.ReflectionException: There is no getter for property named 'dataStaus' in 'class com.chenbbz.middle.model.Student'
	at org.apache.ibatis.exceptions.ExceptionFactory.wrapException(ExceptionFactory.java:30)
	at org.apache.ibatis.session.defaults.DefaultSqlSession.update(DefaultSqlSession.java:200)
	at com.chenbbz.busi.impl.DealBusiImpl.modifyMiddle(DealBusiImpl.java:52)
	at com.chenbbz.busi.impl.DealBusiImpl.lambda$deal$0(DealBusiImpl.java:31)
	at java.util.ArrayList.forEach(ArrayList.java:1257)
	at com.chenbbz.busi.impl.DealBusiImpl.deal(DealBusiImpl.java:24)
	at com.chenbbz.thread.Consumer.run(Consumer.java:25)
	at java.util.concurrent.ThreadPoolExecutor.runWorker(ThreadPoolExecutor.java:1149)
	at java.util.concurrent.ThreadPoolExecutor$Worker.run(ThreadPoolExecutor.java:624)
	at java.lang.Thread.run(Thread.java:748)
Caused by: org.apache.ibatis.reflection.ReflectionException: There is no getter for property named 'dataStaus' in 'class com.chenbbz.middle.model.Student'
	at org.apache.ibatis.reflection.Reflector.getGetInvoker(Reflector.java:419)
	at org.apache.ibatis.reflection.MetaClass.getGetInvoker(MetaClass.java:164)
	at org.apache.ibatis.reflection.wrapper.BeanWrapper.getBeanProperty(BeanWrapper.java:162)
	at org.apache.ibatis.reflection.wrapper.BeanWrapper.get(BeanWrapper.java:49)
	at org.apache.ibatis.reflection.MetaObject.getValue(MetaObject.java:122)
	at org.apache.ibatis.scripting.defaults.DefaultParameterHandler.setParameters(DefaultParameterHandler.java:79)
	at org.apache.ibatis.executor.statement.PreparedStatementHandler.parameterize(PreparedStatementHandler.java:93)
	at org.apache.ibatis.executor.statement.RoutingStatementHandler.parameterize(RoutingStatementHandler.java:64)
	at org.apache.ibatis.executor.SimpleExecutor.prepareStatement(SimpleExecutor.java:86)
	at org.apache.ibatis.executor.SimpleExecutor.doUpdate(SimpleExecutor.java:49)
	at org.apache.ibatis.executor.BaseExecutor.update(BaseExecutor.java:117)
	at org.apache.ibatis.executor.CachingExecutor.update(CachingExecutor.java:76)
	at org.apache.ibatis.session.defaults.DefaultSqlSession.update(DefaultSqlSession.java:198)
	... 8 more
[ERROR][2018-10-15 23:44:57][com.chenbbz.busi.impl.DealBusiImpl.modifyMiddle(DealBusiImpl.java:54)] 修改中间表状态失败========>
org.apache.ibatis.exceptions.PersistenceException: 
### Error updating database.  Cause: org.apache.ibatis.reflection.ReflectionException: There is no getter for property named 'dataStaus' in 'class com.chenbbz.middle.model.Student'
### The error may involve defaultParameterMap
### The error occurred while setting parameters
### SQL: update  student     set data_status = ?, deal_time = ?     where id =?
### Cause: org.apache.ibatis.reflection.ReflectionException: There is no getter for property named 'dataStaus' in 'class com.chenbbz.middle.model.Student'
	at org.apache.ibatis.exceptions.ExceptionFactory.wrapException(ExceptionFactory.java:30)
	at org.apache.ibatis.session.defaults.DefaultSqlSession.update(DefaultSqlSession.java:200)
	at com.chenbbz.busi.impl.DealBusiImpl.modifyMiddle(DealBusiImpl.java:52)
	at com.chenbbz.busi.impl.DealBusiImpl.lambda$deal$0(DealBusiImpl.java:31)
	at java.util.ArrayList.forEach(ArrayList.java:1257)
	at com.chenbbz.busi.impl.DealBusiImpl.deal(DealBusiImpl.java:24)
	at com.chenbbz.thread.Consumer.run(Consumer.java:25)
	at java.util.concurrent.ThreadPoolExecutor.runWorker(ThreadPoolExecutor.java:1149)
	at java.util.concurrent.ThreadPoolExecutor$Worker.run(ThreadPoolExecutor.java:624)
	at java.lang.Thread.run(Thread.java:748)
Caused by: org.apache.ibatis.reflection.ReflectionException: There is no getter for property named 'dataStaus' in 'class com.chenbbz.middle.model.Student'
	at org.apache.ibatis.reflection.Reflector.getGetInvoker(Reflector.java:419)
	at org.apache.ibatis.reflection.MetaClass.getGetInvoker(MetaClass.java:164)
	at org.apache.ibatis.reflection.wrapper.BeanWrapper.getBeanProperty(BeanWrapper.java:162)
	at org.apache.ibatis.reflection.wrapper.BeanWrapper.get(BeanWrapper.java:49)
	at org.apache.ibatis.reflection.MetaObject.getValue(MetaObject.java:122)
	at org.apache.ibatis.scripting.defaults.DefaultParameterHandler.setParameters(DefaultParameterHandler.java:79)
	at org.apache.ibatis.executor.statement.PreparedStatementHandler.parameterize(PreparedStatementHandler.java:93)
	at org.apache.ibatis.executor.statement.RoutingStatementHandler.parameterize(RoutingStatementHandler.java:64)
	at org.apache.ibatis.executor.SimpleExecutor.prepareStatement(SimpleExecutor.java:86)
	at org.apache.ibatis.executor.SimpleExecutor.doUpdate(SimpleExecutor.java:49)
	at org.apache.ibatis.executor.BaseExecutor.update(BaseExecutor.java:117)
	at org.apache.ibatis.executor.CachingExecutor.update(CachingExecutor.java:76)
	at org.apache.ibatis.session.defaults.DefaultSqlSession.update(DefaultSqlSession.java:198)
	... 8 more
[ERROR][2018-10-15 23:44:57][com.chenbbz.busi.impl.DealBusiImpl.modifyMiddle(DealBusiImpl.java:54)] 修改中间表状态失败========>
org.apache.ibatis.exceptions.PersistenceException: 
### Error updating database.  Cause: org.apache.ibatis.reflection.ReflectionException: There is no getter for property named 'dataStaus' in 'class com.chenbbz.middle.model.Student'
### The error may involve defaultParameterMap
### The error occurred while setting parameters
### SQL: update  student     set data_status = ?, deal_time = ?     where id =?
### Cause: org.apache.ibatis.reflection.ReflectionException: There is no getter for property named 'dataStaus' in 'class com.chenbbz.middle.model.Student'
	at org.apache.ibatis.exceptions.ExceptionFactory.wrapException(ExceptionFactory.java:30)
	at org.apache.ibatis.session.defaults.DefaultSqlSession.update(DefaultSqlSession.java:200)
	at com.chenbbz.busi.impl.DealBusiImpl.modifyMiddle(DealBusiImpl.java:52)
	at com.chenbbz.busi.impl.DealBusiImpl.lambda$deal$0(DealBusiImpl.java:31)
	at java.util.ArrayList.forEach(ArrayList.java:1257)
	at com.chenbbz.busi.impl.DealBusiImpl.deal(DealBusiImpl.java:24)
	at com.chenbbz.thread.Consumer.run(Consumer.java:25)
	at java.util.concurrent.ThreadPoolExecutor.runWorker(ThreadPoolExecutor.java:1149)
	at java.util.concurrent.ThreadPoolExecutor$Worker.run(ThreadPoolExecutor.java:624)
	at java.lang.Thread.run(Thread.java:748)
Caused by: org.apache.ibatis.reflection.ReflectionException: There is no getter for property named 'dataStaus' in 'class com.chenbbz.middle.model.Student'
	at org.apache.ibatis.reflection.Reflector.getGetInvoker(Reflector.java:419)
	at org.apache.ibatis.reflection.MetaClass.getGetInvoker(MetaClass.java:164)
	at org.apache.ibatis.reflection.wrapper.BeanWrapper.getBeanProperty(BeanWrapper.java:162)
	at org.apache.ibatis.reflection.wrapper.BeanWrapper.get(BeanWrapper.java:49)
	at org.apache.ibatis.reflection.MetaObject.getValue(MetaObject.java:122)
	at org.apache.ibatis.scripting.defaults.DefaultParameterHandler.setParameters(DefaultParameterHandler.java:79)
	at org.apache.ibatis.executor.statement.PreparedStatementHandler.parameterize(PreparedStatementHandler.java:93)
	at org.apache.ibatis.executor.statement.RoutingStatementHandler.parameterize(RoutingStatementHandler.java:64)
	at org.apache.ibatis.executor.SimpleExecutor.prepareStatement(SimpleExecutor.java:86)
	at org.apache.ibatis.executor.SimpleExecutor.doUpdate(SimpleExecutor.java:49)
	at org.apache.ibatis.executor.BaseExecutor.update(BaseExecutor.java:117)
	at org.apache.ibatis.executor.CachingExecutor.update(CachingExecutor.java:76)
	at org.apache.ibatis.session.defaults.DefaultSqlSession.update(DefaultSqlSession.java:198)
	... 8 more
[ERROR][2018-10-15 23:46:28][com.chenbbz.busi.impl.DealBusiImpl.modifyMiddle(DealBusiImpl.java:54)] 修改中间表状态失败========>
org.apache.ibatis.exceptions.PersistenceException: 
### Error updating database.  Cause: org.apache.ibatis.reflection.ReflectionException: There is no getter for property named 'dataStaus' in 'class com.chenbbz.middle.model.Student'
### The error may involve defaultParameterMap
### The error occurred while setting parameters
### SQL: update  student     set data_status = ?, deal_time = ?     where id =?
### Cause: org.apache.ibatis.reflection.ReflectionException: There is no getter for property named 'dataStaus' in 'class com.chenbbz.middle.model.Student'
	at org.apache.ibatis.exceptions.ExceptionFactory.wrapException(ExceptionFactory.java:30)
	at org.apache.ibatis.session.defaults.DefaultSqlSession.update(DefaultSqlSession.java:200)
	at com.chenbbz.busi.impl.DealBusiImpl.modifyMiddle(DealBusiImpl.java:52)
	at com.chenbbz.busi.impl.DealBusiImpl.lambda$deal$0(DealBusiImpl.java:31)
	at java.util.ArrayList.forEach(ArrayList.java:1257)
	at com.chenbbz.busi.impl.DealBusiImpl.deal(DealBusiImpl.java:24)
	at com.chenbbz.thread.Consumer.run(Consumer.java:25)
	at java.util.concurrent.ThreadPoolExecutor.runWorker(ThreadPoolExecutor.java:1149)
	at java.util.concurrent.ThreadPoolExecutor$Worker.run(ThreadPoolExecutor.java:624)
	at java.lang.Thread.run(Thread.java:748)
Caused by: org.apache.ibatis.reflection.ReflectionException: There is no getter for property named 'dataStaus' in 'class com.chenbbz.middle.model.Student'
	at org.apache.ibatis.reflection.Reflector.getGetInvoker(Reflector.java:419)
	at org.apache.ibatis.reflection.MetaClass.getGetInvoker(MetaClass.java:164)
	at org.apache.ibatis.reflection.wrapper.BeanWrapper.getBeanProperty(BeanWrapper.java:162)
	at org.apache.ibatis.reflection.wrapper.BeanWrapper.get(BeanWrapper.java:49)
	at org.apache.ibatis.reflection.MetaObject.getValue(MetaObject.java:122)
	at org.apache.ibatis.scripting.defaults.DefaultParameterHandler.setParameters(DefaultParameterHandler.java:79)
	at org.apache.ibatis.executor.statement.PreparedStatementHandler.parameterize(PreparedStatementHandler.java:93)
	at org.apache.ibatis.executor.statement.RoutingStatementHandler.parameterize(RoutingStatementHandler.java:64)
	at org.apache.ibatis.executor.SimpleExecutor.prepareStatement(SimpleExecutor.java:86)
	at org.apache.ibatis.executor.SimpleExecutor.doUpdate(SimpleExecutor.java:49)
	at org.apache.ibatis.executor.BaseExecutor.update(BaseExecutor.java:117)
	at org.apache.ibatis.executor.CachingExecutor.update(CachingExecutor.java:76)
	at org.apache.ibatis.session.defaults.DefaultSqlSession.update(DefaultSqlSession.java:198)
	... 8 more
[ERROR][2018-10-15 23:46:28][com.chenbbz.busi.impl.DealBusiImpl.modifyMiddle(DealBusiImpl.java:54)] 修改中间表状态失败========>
org.apache.ibatis.exceptions.PersistenceException: 
### Error updating database.  Cause: org.apache.ibatis.reflection.ReflectionException: There is no getter for property named 'dataStaus' in 'class com.chenbbz.middle.model.Student'
### The error may involve defaultParameterMap
### The error occurred while setting parameters
### SQL: update  student     set data_status = ?, deal_time = ?     where id =?
### Cause: org.apache.ibatis.reflection.ReflectionException: There is no getter for property named 'dataStaus' in 'class com.chenbbz.middle.model.Student'
	at org.apache.ibatis.exceptions.ExceptionFactory.wrapException(ExceptionFactory.java:30)
	at org.apache.ibatis.session.defaults.DefaultSqlSession.update(DefaultSqlSession.java:200)
	at com.chenbbz.busi.impl.DealBusiImpl.modifyMiddle(DealBusiImpl.java:52)
	at com.chenbbz.busi.impl.DealBusiImpl.lambda$deal$0(DealBusiImpl.java:31)
	at java.util.ArrayList.forEach(ArrayList.java:1257)
	at com.chenbbz.busi.impl.DealBusiImpl.deal(DealBusiImpl.java:24)
	at com.chenbbz.thread.Consumer.run(Consumer.java:25)
	at java.util.concurrent.ThreadPoolExecutor.runWorker(ThreadPoolExecutor.java:1149)
	at java.util.concurrent.ThreadPoolExecutor$Worker.run(ThreadPoolExecutor.java:624)
	at java.lang.Thread.run(Thread.java:748)
Caused by: org.apache.ibatis.reflection.ReflectionException: There is no getter for property named 'dataStaus' in 'class com.chenbbz.middle.model.Student'
	at org.apache.ibatis.reflection.Reflector.getGetInvoker(Reflector.java:419)
	at org.apache.ibatis.reflection.MetaClass.getGetInvoker(MetaClass.java:164)
	at org.apache.ibatis.reflection.wrapper.BeanWrapper.getBeanProperty(BeanWrapper.java:162)
	at org.apache.ibatis.reflection.wrapper.BeanWrapper.get(BeanWrapper.java:49)
	at org.apache.ibatis.reflection.MetaObject.getValue(MetaObject.java:122)
	at org.apache.ibatis.scripting.defaults.DefaultParameterHandler.setParameters(DefaultParameterHandler.java:79)
	at org.apache.ibatis.executor.statement.PreparedStatementHandler.parameterize(PreparedStatementHandler.java:93)
	at org.apache.ibatis.executor.statement.RoutingStatementHandler.parameterize(RoutingStatementHandler.java:64)
	at org.apache.ibatis.executor.SimpleExecutor.prepareStatement(SimpleExecutor.java:86)
	at org.apache.ibatis.executor.SimpleExecutor.doUpdate(SimpleExecutor.java:49)
	at org.apache.ibatis.executor.BaseExecutor.update(BaseExecutor.java:117)
	at org.apache.ibatis.executor.CachingExecutor.update(CachingExecutor.java:76)
	at org.apache.ibatis.session.defaults.DefaultSqlSession.update(DefaultSqlSession.java:198)
	... 8 more
[ERROR][2018-10-15 23:46:28][com.chenbbz.busi.impl.DealBusiImpl.modifyMiddle(DealBusiImpl.java:54)] 修改中间表状态失败========>
org.apache.ibatis.exceptions.PersistenceException: 
### Error updating database.  Cause: org.apache.ibatis.reflection.ReflectionException: There is no getter for property named 'dataStaus' in 'class com.chenbbz.middle.model.Student'
### The error may involve defaultParameterMap
### The error occurred while setting parameters
### SQL: update  student     set data_status = ?, deal_time = ?     where id =?
### Cause: org.apache.ibatis.reflection.ReflectionException: There is no getter for property named 'dataStaus' in 'class com.chenbbz.middle.model.Student'
	at org.apache.ibatis.exceptions.ExceptionFactory.wrapException(ExceptionFactory.java:30)
	at org.apache.ibatis.session.defaults.DefaultSqlSession.update(DefaultSqlSession.java:200)
	at com.chenbbz.busi.impl.DealBusiImpl.modifyMiddle(DealBusiImpl.java:52)
	at com.chenbbz.busi.impl.DealBusiImpl.lambda$deal$0(DealBusiImpl.java:31)
	at java.util.ArrayList.forEach(ArrayList.java:1257)
	at com.chenbbz.busi.impl.DealBusiImpl.deal(DealBusiImpl.java:24)
	at com.chenbbz.thread.Consumer.run(Consumer.java:25)
	at java.util.concurrent.ThreadPoolExecutor.runWorker(ThreadPoolExecutor.java:1149)
	at java.util.concurrent.ThreadPoolExecutor$Worker.run(ThreadPoolExecutor.java:624)
	at java.lang.Thread.run(Thread.java:748)
Caused by: org.apache.ibatis.reflection.ReflectionException: There is no getter for property named 'dataStaus' in 'class com.chenbbz.middle.model.Student'
	at org.apache.ibatis.reflection.Reflector.getGetInvoker(Reflector.java:419)
	at org.apache.ibatis.reflection.MetaClass.getGetInvoker(MetaClass.java:164)
	at org.apache.ibatis.reflection.wrapper.BeanWrapper.getBeanProperty(BeanWrapper.java:162)
	at org.apache.ibatis.reflection.wrapper.BeanWrapper.get(BeanWrapper.java:49)
	at org.apache.ibatis.reflection.MetaObject.getValue(MetaObject.java:122)
	at org.apache.ibatis.scripting.defaults.DefaultParameterHandler.setParameters(DefaultParameterHandler.java:79)
	at org.apache.ibatis.executor.statement.PreparedStatementHandler.parameterize(PreparedStatementHandler.java:93)
	at org.apache.ibatis.executor.statement.RoutingStatementHandler.parameterize(RoutingStatementHandler.java:64)
	at org.apache.ibatis.executor.SimpleExecutor.prepareStatement(SimpleExecutor.java:86)
	at org.apache.ibatis.executor.SimpleExecutor.doUpdate(SimpleExecutor.java:49)
	at org.apache.ibatis.executor.BaseExecutor.update(BaseExecutor.java:117)
	at org.apache.ibatis.executor.CachingExecutor.update(CachingExecutor.java:76)
	at org.apache.ibatis.session.defaults.DefaultSqlSession.update(DefaultSqlSession.java:198)
	... 8 more
